[RUN #0 3 10]
-526 9 512
997 -756 -488
8 -156 389
510 -441 876
-918 -381 -227
150 -380 946
836 -812 984
919 -804 49
-605 -556 -328
-797 -394 -826
[RUN #1 3 10]
29 -215 62
-868 -145 481
89 -99 456
97 -261 -626
-888 -504 -422
307 276 395
-165 879 396
925 753 306
757 -986 -187
-352 10 -801
[RUN #2 3 10]
147 -175 -43
651 397 53
302 -624 255
64 -19 -356
882 -791 -127
804 67 -495
85 -539 -82
446 968 303
-517 268 -576
92 -382 65
[RUN #3 50 10]
34 -178 -341 885 -932 -914 -669 771 -171 16 -288 -255 -885 843 -496 651 936 648 -387 -925 -227 592 -19 955 665 -886 960 81 -220 509 -579 -445 625 -668 142 272 -142 803 -446 158 -307 -374 -145 -65 858 330 -435 530 487 -525
-809 329 240 734 459 -987 500 -436 -276 -466 616 -897 -302 -142 464 -309 636 -587 74 -623 -362 -841 -202 -878 222 188 313 -193 -189 -81 638 395 989 998 290 -374 975 -786 694 82 750 -321 742 552 -87 -306 972 -258 108 -677
-221 69 -18 -220 -402 791 -576 -253 159 33 810 -761 298 188 -289 201 957 738 -613 630 938 578 40 252 -785 611 -277 -337 -434 -664 -223 226 -307 -880 -619 -637 168 -488 155 295 328 697 599 -924 623 431 -657 -787 -900 326
-974 777 -834 625 194 961 -159 627 927 125 -664 -803 -275 297 -476 745 828 -92 381 9 -784 -166 4 -940 972 -24 -586 -97 -436 -750 717 495 -578 -16 -125 585 670 -473 -22 96 -796 -594 -443 178 -956 -462 440 -233 -558 866
410 -252 9 -558 441 814 315 -317 -598 160 -803 -226 319 594 142 858 97 444 -311 -997 580 956 -81 -852 686 251 338 848 -580 -249 209 -365 74 282 902 -10 -67 -98 730 971 862 909 953 -471 113 -969 522 374 -413 161
-638 -795 -946 728 222 -893 653 425 -26 201 10 -157 -127 636 370 479 -338 -841 -335 -551 340 -273 -261 -432 -52 -572 -775 478 -108 541 -68 -735 987 -839 -228 562 403 518 570 285 -225 -869 460 157 508 46 -15 -218 579 -653
-762 -542 -502 316 -742 -437 -887 -387 -536 -920 21 53 715 -192 -591 -471 70 -272 -972 822 -377 852 913 -810 958 634 154 986 971 655 370 535 -790 718 -730 -556 314 497 -633 -975 -583 -254 688 -373 189 -76 -875 -241 -660 -825
-79 484 826 -725 248 -138 930 259 -118 886 -313 330 -843 509 -640 -401 -586 598 -371 25 -921 -112 662 595 167 143 -87 929 37 -877 495 246 -662 370 868 -484 471 -598 743 -293 -507 -124 -421 79 513 865 205 302 643 -680
99 -123 -790 103 -12 -865 -521 747 -421 842 399 124 -161 890 -135 75 967 837 -733 262 257 389 -538 541 -517 -442 -602 33 769 -936 -992 -122 72 63 401 -755 -147 523 300 -570 754 -870 854 -568 843 825 -586 -649 795 527
-914 966 -329 927 4 628 -681 -993 582 221 90 -643 -967 -988 -158 223 510 452 717 -835 -704 83 331 -661 408 326 829 -226 -616 -312 -866 -756 578 976 -408 -843 -370 949 975 2 -388 383 5 -892 542 260 644 -730 665 -222
[RUN #4 100 10]
599 11 888 352 -489 -787 370 617 -305 -248 945 -157 31 -854 -102 -126 734 -638 610 619 -576 -644 -667 -948 753 175 -73 382 -19 -518 307 -982 -865 752 53 -418 927 -828 -678 -501 676 -112 572 609 268 -449 863 -68 -889 -911 -209 -29 -452 -756 347 745 597 392 -965 202 622 9 -107 827 283 -844 -154 843 -923 853 135 -71 -321 41 -426 380 348 134 629 -625 515 457 -355 -413 37 -74 -271 -591 474 837 162 -231 250 -921 263 -633 271 443 868 -839
-37 -761 936 -428 -747 -369 -371 967 766 -497 104 639 -825 -331 -582 650 42 -288 -725 -264 699 860 748 185 400 -907 726 -525 -55 809 761 -154 -450 429 164 -217 -732 329 832 -249 295 -56 -631 -984 916 -821 327 -368 -806 290 -312 978 -701 -798 -188 667 -707 148 829 134 3 491 -717 -538 -234 -92 115 434 -693 -69 301 820 -246 61 -785 -35 -134 -63 -317 991 666 598 -932 -671 920 -681 -221 -397 649 -958 683 -375 19 579 44 853 -241 506 -578 594
135 -392 -532 355 843 665 993 873 -225 -968 -348 930 -868 -880 169 224 69 612 -902 -325 650 842 -606 475 -560 124 576 92 -378 751 855 -143 507 223 -577 -658 10 -613 207 -230 -874 -870 700 -650 5 845 118 470 987 226 -258 -709 -64 -161 255 -628 -982 719 -803 999 -477 638 -165 -479 -896 725 -925 476 975 673 -124 375 858 211 -807 -589 -80 712 -404 -608 -95 -421 -681 549 582 228 -776 313 -582 281 -950 945 -779 -713 -578 773 -478 -461 731 542
830 -852 978 478 873 903 956 -865 930 -421 239 -222 48 115 970 368 -596 79 760 914 363 -638 601 -971 -55 -613 121 -736 417 -350 -973 -591 -28 -549 -416 -745 901 576 672 531 173 69 187 815 -417 465 575 727 -946 128 -639 -658 -947 637 194 -371 -536 -649 742 -695 847 542 -402 30 725 547 -298 0 -877 261 360 -309 174 -214 495 142 -478 730 -63 -254 -494 -687 -698 -356 463 -240 843 -820 -729 765 88 926 -545 348 -253 -86 332 954 287 104
-934 977 -799 540 152 125 -345 237 209 172 692 594 922 -926 27 862 -613 -148 -357 250 -293 280 -861 -690 994 -759 -264 47 -546 -459 -686 485 -290 -535 956 130 -831 -432 502 873 -766 658 269 -495 802 -258 936 448 585 -24 -538 993 340 -303 887 396 488 -781 -526 695 -486 -182 -252 -255 86 13 -640 264 -750 -276 685 -334 -305 -983 439 -419 712 -628 939 -399 -555 -16 -269 -620 -950 -377 577 -46 -455 -578 178 -171 -975 690 -375 298 -445 -425 430 -159
-274 -273 -161 477 116 605 -758 742 944 219 151 765 468 -362 -195 -265 -714 -601 276 -10 -357 994 -168 142 80 963 -392 -37 476 -156 553 -836 685 -688 982 11 -373 789 978 -103 89 858 -545 794 -200 -19 430 933 -542 20 -808 -133 164 674 -620 -252 427 378 322 -135 -816 204 -361 -342 656 -597 541 695 946 -901 701 -552 660 44 -472 -630 -741 563 208 481 -819 -961 -442 -600 595 665 234 977 -519 -523 41 960 -941 85 -627 -904 955 -131 610 598
-67 515 865 -313 -133 748 -425 -895 -204 -101 690 -249 50 -3 729 848 160 503 266 827 111 -58 -991 960 -442 -824 -21 -376 296 149 -704 482 -417 -858 423 -349 -431 948 320 133 -259 -628 -909 949 302 604 -163 -135 -421 -587 418 -197 230 -854 -435 -752 -265 -318 -574 613 -198 124 964 -850 -541 363 390 -765 981 -925 607 -675 173 653 459 213 980 -453 845 -132 364 -233 -928 -286 -908 -224 -386 934 -503 327 932 30 -294 64 -39 -223 778 200 956 290
966 765 566 207 -132 -379 842 616 -885 -581 -227 998 732 686 278 -258 672 863 506 -302 -213 603 -738 689 -748 -192 -371 202 -341 -43 -34 -855 -303 -987 -847 -569 -225 -852 421 787 -89 837 -275 9 439 -692 -777 65 -849 -610 134 60 167 -974 -888 -722 235 457 -509 -76 460 -350 640 102 -188 252 0 325 -480 856 -211 693 -344 -485 -369 319 791 -59 104 -26 789 -582 671 5 -960 86 684 107 307 189 -135 -304 712 -840 -158 -100 -831 -871 -56 -731
-670 772 -673 50 271 338 -924 742 -181 242 670 87 620 822 -631 283 -420 -923 -762 -334 -362 -927 -752 -51 -666 -603 -911 -193 -620 427 -475 27 293 8 -770 -795 898 333 512 406 764 -541 -118 468 139 -357 -314 -270 896 -239 -269 -161 643 -549 947 760 57 -486 -505 233 -965 -718 537 887 191 239 -711 325 44 541 -860 462 -390 -813 262 604 382 -671 -960 -774 -878 -969 761 505 -905 605 -112 -69 48 -698 259 -100 796 390 299 -492 301 -521 506 -528
147 552 502 -100 -425 695 -71 121 238 -973 -210 -331 -253 -361 -821 68 -684 849 247 546 953 34 428 788 784 -584 867 -565 514 326 345 95 159 -606 749 375 768 -999 -706 -984 -227 379 -730 -74 -798 473 897 -267 286 910 374 -152 67 -294 89 -244 78 -248 -328 933 -864 -327 -359 -872 311 604 656 -102 -558 -546 -569 -932 494 -46 636 303 337 970 -258 -463 -315 -291 -53 -697 -55 233 -575 -219 -42 -674 -95 -865 782 -679 -660 516 193 704 493 38
